{"level":"DEBUG","time":"2023-05-18T17:30:57.501+0800","caller":"ForumV1/main.go:25","msg":"logger init success。。。"}
{"level":"DEBUG","time":"2023-05-18T17:34:16.665+0800","caller":"ForumV1/main.go:27","msg":"logger init success。。。"}
{"level":"DEBUG","time":"2023-05-19T09:02:24.299+0800","caller":"ForumV1/main.go:28","msg":"logger init success。。。"}
{"level":"INFO","time":"2023-05-19T09:03:10.322+0800","caller":"logger/logger.go:93","msg":"/api/v1/helloworld","status":200,"method":"GET","path":"/api/v1/helloworld","query":"","ip":"::1","user-agent":"Mozilla/5.0 (Windows NT 10.0; Win64; x64) AppleWebKit/537.36 (KHTML, like Gecko) Chrome/113.0.0.0 Safari/537.36 Edg/113.0.1774.42","errors":"","cost":0.0006316}
{"level":"INFO","time":"2023-05-19T09:04:51.997+0800","caller":"logger/logger.go:93","msg":"/api/v1/helloworld","status":404,"method":"POST","path":"/api/v1/helloworld","query":"","ip":"::1","user-agent":"PostmanRuntime/7.29.2","errors":"","cost":0.0010442}
{"level":"INFO","time":"2023-05-19T09:04:54.790+0800","caller":"logger/logger.go:93","msg":"/api/v1/helloworld","status":200,"method":"GET","path":"/api/v1/helloworld","query":"","ip":"::1","user-agent":"PostmanRuntime/7.29.2","errors":"","cost":0}
{"level":"INFO","time":"2023-05-19T09:21:56.063+0800","caller":"logger/logger.go:93","msg":"/api/v1/helloworld","status":200,"method":"GET","path":"/api/v1/helloworld","query":"","ip":"::1","user-agent":"Mozilla/5.0 (Windows NT 10.0; Win64; x64) AppleWebKit/537.36 (KHTML, like Gecko) Chrome/113.0.0.0 Safari/537.36 Edg/113.0.1774.42","errors":"","cost":0.0005582}
{"level":"DEBUG","time":"2023-05-19T10:48:57.123+0800","caller":"ForumV1/main.go:28","msg":"logger init success。。。"}
{"level":"INFO","time":"2023-05-19T10:51:24.408+0800","caller":"logger/logger.go:93","msg":"/api/v1/login ","status":404,"method":"POST","path":"/api/v1/login ","query":"","ip":"::1","user-agent":"PostmanRuntime/7.29.2","errors":"","cost":0}
{"level":"INFO","time":"2023-05-19T10:53:21.230+0800","caller":"logger/logger.go:93","msg":"/api/v1/helloworld","status":200,"method":"GET","path":"/api/v1/helloworld","query":"","ip":"::1","user-agent":"PostmanRuntime/7.29.2","errors":"","cost":0.0002381}
{"level":"DEBUG","time":"2023-05-19T10:55:21.386+0800","caller":"ForumV1/main.go:28","msg":"logger init success。。。"}
{"level":"INFO","time":"2023-05-19T10:55:31.669+0800","caller":"logger/logger.go:93","msg":"/api/v1/helloworld","status":200,"method":"GET","path":"/api/v1/helloworld","query":"","ip":"::1","user-agent":"PostmanRuntime/7.29.2","errors":"","cost":0.0005228}
{"level":"INFO","time":"2023-05-19T10:55:40.488+0800","caller":"logger/logger.go:93","msg":"/api/v1/login ","status":404,"method":"POST","path":"/api/v1/login ","query":"","ip":"::1","user-agent":"PostmanRuntime/7.29.2","errors":"","cost":0}
{"level":"DEBUG","time":"2023-05-19T10:57:05.045+0800","caller":"ForumV1/main.go:28","msg":"logger init success。。。"}
{"level":"INFO","time":"2023-05-19T10:57:24.368+0800","caller":"logger/logger.go:93","msg":"/api/v1/login ","status":404,"method":"POST","path":"/api/v1/login ","query":"","ip":"::1","user-agent":"PostmanRuntime/7.29.2","errors":"","cost":0}
{"level":"DEBUG","time":"2023-05-19T10:58:07.345+0800","caller":"ForumV1/main.go:28","msg":"logger init success。。。"}
{"level":"INFO","time":"2023-05-19T10:58:12.607+0800","caller":"logger/logger.go:93","msg":"/api/v1/login ","status":404,"method":"GET","path":"/api/v1/login ","query":"","ip":"::1","user-agent":"PostmanRuntime/7.29.2","errors":"","cost":0.0005469}
{"level":"INFO","time":"2023-05-19T10:58:40.575+0800","caller":"logger/logger.go:93","msg":"/api/v1/helloworld","status":200,"method":"GET","path":"/api/v1/helloworld","query":"","ip":"::1","user-agent":"PostmanRuntime/7.29.2","errors":"","cost":0.0000785}
{"level":"DEBUG","time":"2023-05-19T11:02:46.515+0800","caller":"ForumV1/main.go:28","msg":"logger init success。。。"}
{"level":"INFO","time":"2023-05-19T11:02:51.464+0800","caller":"logger/logger.go:93","msg":"/api/v1/helloworld","status":200,"method":"GET","path":"/api/v1/helloworld","query":"","ip":"::1","user-agent":"PostmanRuntime/7.29.2","errors":"","cost":0.0003523}
{"level":"INFO","time":"2023-05-19T11:02:53.956+0800","caller":"logger/logger.go:93","msg":"/api/v1/login ","status":404,"method":"POST","path":"/api/v1/login ","query":"","ip":"::1","user-agent":"PostmanRuntime/7.29.2","errors":"","cost":0}
{"level":"DEBUG","time":"2023-05-19T11:05:48.142+0800","caller":"ForumV1/main.go:28","msg":"logger init success。。。"}
{"level":"INFO","time":"2023-05-19T11:05:50.534+0800","caller":"logger/logger.go:93","msg":"/api/v1/helloworld","status":200,"method":"GET","path":"/api/v1/helloworld","query":"","ip":"::1","user-agent":"PostmanRuntime/7.29.2","errors":"","cost":0.0010592}
{"level":"INFO","time":"2023-05-19T11:06:27.982+0800","caller":"logger/logger.go:93","msg":"/api/v1/helloworld","status":200,"method":"GET","path":"/api/v1/helloworld","query":"","ip":"::1","user-agent":"PostmanRuntime/7.29.2","errors":"","cost":0}
{"level":"INFO","time":"2023-05-19T11:06:32.616+0800","caller":"logger/logger.go:93","msg":"/api/v1/login ","status":404,"method":"GET","path":"/api/v1/login ","query":"","ip":"::1","user-agent":"PostmanRuntime/7.29.2","errors":"","cost":0}
{"level":"INFO","time":"2023-05-19T11:07:03.532+0800","caller":"logger/logger.go:93","msg":"/api/v1/signup","status":200,"method":"GET","path":"/api/v1/signup","query":"","ip":"::1","user-agent":"PostmanRuntime/7.29.2","errors":"","cost":0}
{"level":"DEBUG","time":"2023-05-19T11:07:33.301+0800","caller":"ForumV1/main.go:28","msg":"logger init success。。。"}
{"level":"INFO","time":"2023-05-19T11:07:34.564+0800","caller":"logger/logger.go:93","msg":"/api/v1/signup","status":200,"method":"GET","path":"/api/v1/signup","query":"","ip":"::1","user-agent":"PostmanRuntime/7.29.2","errors":"","cost":0.0006445}
{"level":"INFO","time":"2023-05-19T11:07:46.405+0800","caller":"logger/logger.go:93","msg":"/api/v1/login ","status":404,"method":"POST","path":"/api/v1/login ","query":"","ip":"::1","user-agent":"PostmanRuntime/7.29.2","errors":"","cost":0}
{"level":"DEBUG","time":"2023-05-19T11:08:22.123+0800","caller":"ForumV1/main.go:28","msg":"logger init success。。。"}
{"level":"INFO","time":"2023-05-19T11:08:24.375+0800","caller":"logger/logger.go:93","msg":"/api/v1/signup","status":200,"method":"POST","path":"/api/v1/signup","query":"","ip":"::1","user-agent":"PostmanRuntime/7.29.2","errors":"","cost":0}
{"level":"DEBUG","time":"2023-05-19T11:08:54.565+0800","caller":"ForumV1/main.go:28","msg":"logger init success。。。"}
{"level":"INFO","time":"2023-05-19T11:22:25.344+0800","caller":"logger/logger.go:93","msg":"/api/v1/signup","status":200,"method":"POST","path":"/api/v1/signup","query":"","ip":"::1","user-agent":"PostmanRuntime/7.29.2","errors":"","cost":0.0005006}
{"level":"DEBUG","time":"2023-05-19T11:43:05.730+0800","caller":"ForumV1/main.go:28","msg":"logger init success。。。"}
{"level":"INFO","time":"2023-05-19T11:43:10.577+0800","caller":"logger/logger.go:93","msg":"/api/v1/login ","status":404,"method":"POST","path":"/api/v1/login ","query":"","ip":"::1","user-agent":"PostmanRuntime/7.29.2","errors":"","cost":0}
{"level":"DEBUG","time":"2023-05-19T11:46:16.510+0800","caller":"ForumV1/main.go:28","msg":"logger init success。。。"}
{"level":"INFO","time":"2023-05-19T11:46:17.829+0800","caller":"logger/logger.go:93","msg":"/api/v1/login ","status":404,"method":"POST","path":"/api/v1/login ","query":"","ip":"::1","user-agent":"PostmanRuntime/7.29.2","errors":"","cost":0}
{"level":"INFO","time":"2023-05-19T11:46:27.687+0800","caller":"logger/logger.go:93","msg":"/api/v1/login ","status":404,"method":"POST","path":"/api/v1/login ","query":"","ip":"::1","user-agent":"PostmanRuntime/7.29.2","errors":"","cost":0}
{"level":"INFO","time":"2023-05-19T11:46:56.995+0800","caller":"logger/logger.go:93","msg":"/api/v1/login","status":200,"method":"POST","path":"/api/v1/login","query":"","ip":"::1","user-agent":"PostmanRuntime/7.29.2","errors":"","cost":0.0000713}
{"level":"DEBUG","time":"2023-05-19T11:47:28.960+0800","caller":"ForumV1/main.go:28","msg":"logger init success。。。"}
{"level":"ERROR","time":"2023-05-19T11:47:31.521+0800","caller":"controller/user.go:33","msg":"Login with invalid param","error":"Key: 'ParamLogin.username' Error:Field validation for 'username' failed on the 'required' tag\nKey: 'ParamLogin.password' Error:Field validation for 'password' failed on the 'required' tag"}
{"level":"INFO","time":"2023-05-19T11:47:31.523+0800","caller":"logger/logger.go:93","msg":"/api/v1/login","status":200,"method":"POST","path":"/api/v1/login","query":"","ip":"::1","user-agent":"PostmanRuntime/7.29.2","errors":"","cost":0.0025207}
{"level":"ERROR","time":"2023-05-19T11:47:43.781+0800","caller":"controller/user.go:45","msg":"Logic.Login failed","username":"mhx","error":"用户名或密码错误"}
{"level":"INFO","time":"2023-05-19T11:47:43.782+0800","caller":"logger/logger.go:93","msg":"/api/v1/login","status":200,"method":"POST","path":"/api/v1/login","query":"","ip":"::1","user-agent":"PostmanRuntime/7.29.2","errors":"","cost":0.1196941}
{"level":"DEBUG","time":"2023-05-19T11:52:00.333+0800","caller":"ForumV1/main.go:28","msg":"logger init success。。。"}
{"level":"INFO","time":"2023-05-19T11:52:06.437+0800","caller":"logger/logger.go:93","msg":"/api/v1/login","status":200,"method":"POST","path":"/api/v1/login","query":"","ip":"::1","user-agent":"PostmanRuntime/7.29.2","errors":"","cost":0.0073134}
{"level":"DEBUG","time":"2023-05-19T11:52:41.898+0800","caller":"ForumV1/main.go:28","msg":"logger init success。。。"}
{"level":"INFO","time":"2023-05-19T11:52:46.499+0800","caller":"logger/logger.go:93","msg":"/api/v1/login","status":200,"method":"POST","path":"/api/v1/login","query":"","ip":"::1","user-agent":"PostmanRuntime/7.29.2","errors":"","cost":0.00395}
{"level":"ERROR","time":"2023-05-19T11:54:49.122+0800","caller":"controller/user.go:45","msg":"Logic.Login failed","username":"mhx2","error":"用户名或密码错误"}
{"level":"INFO","time":"2023-05-19T11:54:49.122+0800","caller":"logger/logger.go:93","msg":"/api/v1/login","status":200,"method":"POST","path":"/api/v1/login","query":"","ip":"::1","user-agent":"PostmanRuntime/7.29.2","errors":"","cost":0.0133773}
{"level":"DEBUG","time":"2023-05-19T11:56:28.576+0800","caller":"ForumV1/main.go:28","msg":"logger init success。。。"}
{"level":"INFO","time":"2023-05-19T11:56:30.225+0800","caller":"logger/logger.go:93","msg":"/api/v1/login","status":200,"method":"POST","path":"/api/v1/login","query":"","ip":"::1","user-agent":"PostmanRuntime/7.29.2","errors":"","cost":0.0047535}
{"level":"ERROR","time":"2023-05-19T11:56:36.423+0800","caller":"controller/user.go:45","msg":"Logic.Login failed","username":"mhx3","error":"用户名或密码错误"}
{"level":"INFO","time":"2023-05-19T11:56:36.423+0800","caller":"logger/logger.go:93","msg":"/api/v1/login","status":200,"method":"POST","path":"/api/v1/login","query":"","ip":"::1","user-agent":"PostmanRuntime/7.29.2","errors":"","cost":0.0100802}
{"level":"DEBUG","time":"2023-05-19T11:57:08.712+0800","caller":"ForumV1/main.go:28","msg":"logger init success。。。"}
{"level":"INFO","time":"2023-05-19T11:57:11.683+0800","caller":"logger/logger.go:93","msg":"/api/v1/login","status":200,"method":"POST","path":"/api/v1/login","query":"","ip":"::1","user-agent":"PostmanRuntime/7.29.2","errors":"","cost":0.0096513}
{"level":"ERROR","time":"2023-05-19T11:57:15.884+0800","caller":"controller/user.go:45","msg":"Logic.Login failed","username":"mhx4","error":"用户名或密码错误"}
{"level":"INFO","time":"2023-05-19T11:57:15.884+0800","caller":"logger/logger.go:93","msg":"/api/v1/login","status":200,"method":"POST","path":"/api/v1/login","query":"","ip":"::1","user-agent":"PostmanRuntime/7.29.2","errors":"","cost":0.014649}
{"level":"DEBUG","time":"2023-05-19T11:58:01.703+0800","caller":"ForumV1/main.go:28","msg":"logger init success。。。"}
{"level":"INFO","time":"2023-05-19T11:58:02.793+0800","caller":"logger/logger.go:93","msg":"/api/v1/login","status":200,"method":"POST","path":"/api/v1/login","query":"","ip":"::1","user-agent":"PostmanRuntime/7.29.2","errors":"","cost":0.0118763}
{"level":"ERROR","time":"2023-05-19T11:58:13.832+0800","caller":"controller/user.go:46","msg":"Logic.Login failed","username":"mhx5","error":"用户名或密码错误"}
{"level":"INFO","time":"2023-05-19T11:58:13.833+0800","caller":"logger/logger.go:93","msg":"/api/v1/login","status":200,"method":"POST","path":"/api/v1/login","query":"","ip":"::1","user-agent":"PostmanRuntime/7.29.2","errors":"","cost":0.0167086}
{"level":"DEBUG","time":"2023-05-19T12:04:03.965+0800","caller":"ForumV1/main.go:28","msg":"logger init success。。。"}
{"level":"INFO","time":"2023-05-19T12:04:05.850+0800","caller":"logger/logger.go:93","msg":"/api/v1/login","status":200,"method":"POST","path":"/api/v1/login","query":"","ip":"::1","user-agent":"PostmanRuntime/7.29.2","errors":"","cost":0.0085705}
{"level":"INFO","time":"2023-05-19T12:04:11.648+0800","caller":"logger/logger.go:93","msg":"/api/v1/login","status":200,"method":"POST","path":"/api/v1/login","query":"","ip":"::1","user-agent":"PostmanRuntime/7.29.2","errors":"","cost":0.0069124}
{"level":"DEBUG","time":"2023-05-19T12:09:03.374+0800","caller":"ForumV1/main.go:28","msg":"logger init success。。。"}
{"level":"INFO","time":"2023-05-19T12:09:08.402+0800","caller":"logger/logger.go:93","msg":"/api/v1/login","status":200,"method":"POST","path":"/api/v1/login","query":"","ip":"::1","user-agent":"PostmanRuntime/7.29.2","errors":"","cost":0.0076832}
{"level":"INFO","time":"2023-05-19T12:09:57.687+0800","caller":"logger/logger.go:93","msg":"/api/v1/Hello","status":200,"method":"GET","path":"/api/v1/Hello","query":"","ip":"::1","user-agent":"PostmanRuntime/7.29.2","errors":"","cost":0.0003269}
{"level":"DEBUG","time":"2023-05-19T13:45:30.887+0800","caller":"ForumV1/main.go:28","msg":"logger init success。。。"}
{"level":"INFO","time":"2023-05-19T13:46:23.865+0800","caller":"logger/logger.go:93","msg":"/api/v1/Hello","status":200,"method":"GET","path":"/api/v1/Hello","query":"","ip":"::1","user-agent":"PostmanRuntime/7.29.2","errors":"","cost":0.0007779}
{"level":"ERROR","time":"2023-05-19T13:47:39.603+0800","caller":"controller/topic.go:24","msg":"logic.CreatTopic(topic) failed","error":"Error 1264 (22003): Out of range value for column 'topic_id' at row 1"}
{"level":"INFO","time":"2023-05-19T13:47:39.604+0800","caller":"logger/logger.go:93","msg":"/api/v1/topic/create","status":200,"method":"POST","path":"/api/v1/topic/create","query":"","ip":"::1","user-agent":"PostmanRuntime/7.29.2","errors":"","cost":0.0182311}
{"level":"INFO","time":"2023-05-19T13:49:41.595+0800","caller":"logger/logger.go:93","msg":"/api/v1/topic/create","status":200,"method":"POST","path":"/api/v1/topic/create","query":"","ip":"::1","user-agent":"PostmanRuntime/7.29.2","errors":"","cost":0.0085903}
{"level":"ERROR","time":"2023-05-19T13:49:58.315+0800","caller":"controller/topic.go:24","msg":"logic.CreatTopic(topic) failed","error":"用户已存在"}
{"level":"INFO","time":"2023-05-19T13:49:58.316+0800","caller":"logger/logger.go:93","msg":"/api/v1/topic/create","status":200,"method":"POST","path":"/api/v1/topic/create","query":"","ip":"::1","user-agent":"PostmanRuntime/7.29.2","errors":"","cost":0.0015912}
{"level":"INFO","time":"2023-05-19T13:50:56.242+0800","caller":"logger/logger.go:93","msg":"/api/v1/topic/create","status":200,"method":"POST","path":"/api/v1/topic/create","query":"","ip":"::1","user-agent":"PostmanRuntime/7.29.2","errors":"","cost":0.0242389}
{"level":"ERROR","time":"2023-05-19T13:50:58.091+0800","caller":"controller/topic.go:24","msg":"logic.CreatTopic(topic) failed","error":"用户已存在"}
{"level":"INFO","time":"2023-05-19T13:50:58.092+0800","caller":"logger/logger.go:93","msg":"/api/v1/topic/create","status":200,"method":"POST","path":"/api/v1/topic/create","query":"","ip":"::1","user-agent":"PostmanRuntime/7.29.2","errors":"","cost":0.0094902}
{"level":"INFO","time":"2023-05-19T13:51:14.575+0800","caller":"logger/logger.go:93","msg":"/api/v1/topic/create","status":200,"method":"POST","path":"/api/v1/topic/create","query":"","ip":"::1","user-agent":"PostmanRuntime/7.29.2","errors":"","cost":0.0163735}
{"level":"DEBUG","time":"2023-05-19T14:23:55.223+0800","caller":"ForumV1/main.go:28","msg":"logger init success。。。"}
{"level":"ERROR","time":"2023-05-19T14:23:59.523+0800","caller":"controller/topic.go:26","msg":"logic.CreatTopic(topic) failed","error":"用户已存在"}
{"level":"INFO","time":"2023-05-19T14:23:59.524+0800","caller":"logger/logger.go:93","msg":"/api/v1/topic/create","status":200,"method":"POST","path":"/api/v1/topic/create","query":"","ip":"::1","user-agent":"PostmanRuntime/7.29.2","errors":"","cost":0.0110826}
{"level":"ERROR","time":"2023-05-19T14:24:45.452+0800","caller":"controller/topic.go:40","msg":"logic.GetTopicList() failed","error":"missing destination name topic_id in *[]*models.Topic"}
{"level":"INFO","time":"2023-05-19T14:24:45.453+0800","caller":"logger/logger.go:93","msg":"/api/v1/topics","status":200,"method":"GET","path":"/api/v1/topics","query":"","ip":"::1","user-agent":"PostmanRuntime/7.29.2","errors":"","cost":0.0030281}
{"level":"DEBUG","time":"2023-05-19T14:26:20.241+0800","caller":"ForumV1/main.go:28","msg":"logger init success。。。"}
{"level":"INFO","time":"2023-05-19T14:26:20.722+0800","caller":"logger/logger.go:93","msg":"/api/v1/topics","status":200,"method":"GET","path":"/api/v1/topics","query":"","ip":"::1","user-agent":"PostmanRuntime/7.29.2","errors":"","cost":0.0025782}
{"level":"DEBUG","time":"2023-05-19T14:52:53.845+0800","caller":"ForumV1/main.go:28","msg":"logger init success。。。"}
{"level":"INFO","time":"2023-05-19T14:53:07.729+0800","caller":"logger/logger.go:93","msg":"/api/v1/community/2","status":404,"method":"GET","path":"/api/v1/community/2","query":"","ip":"::1","user-agent":"PostmanRuntime/7.29.2","errors":"","cost":0.0005431}
{"level":"INFO","time":"2023-05-19T14:53:58.413+0800","caller":"logger/logger.go:93","msg":"/api/v1/community/1","status":404,"method":"GET","path":"/api/v1/community/1","query":"","ip":"::1","user-agent":"PostmanRuntime/7.29.2","errors":"","cost":0}
{"level":"INFO","time":"2023-05-19T14:54:16.241+0800","caller":"logger/logger.go:93","msg":"/api/v1/topics","status":200,"method":"GET","path":"/api/v1/topics","query":"","ip":"::1","user-agent":"PostmanRuntime/7.29.2","errors":"","cost":0.016599}
{"level":"INFO","time":"2023-05-19T14:54:24.138+0800","caller":"logger/logger.go:93","msg":"/api/v1/login","status":200,"method":"POST","path":"/api/v1/login","query":"","ip":"::1","user-agent":"PostmanRuntime/7.29.2","errors":"","cost":0.0223452}
{"level":"INFO","time":"2023-05-19T14:54:27.781+0800","caller":"logger/logger.go:93","msg":"/api/v1/topics","status":200,"method":"GET","path":"/api/v1/topics","query":"","ip":"::1","user-agent":"PostmanRuntime/7.29.2","errors":"","cost":0.0089835}
{"level":"ERROR","time":"2023-05-19T14:54:31.799+0800","caller":"controller/topic.go:27","msg":"logic.CreatTopic(topic) failed","error":"用户已存在"}
{"level":"INFO","time":"2023-05-19T14:54:31.799+0800","caller":"logger/logger.go:93","msg":"/api/v1/topic/create","status":200,"method":"POST","path":"/api/v1/topic/create","query":"","ip":"::1","user-agent":"PostmanRuntime/7.29.2","errors":"","cost":0.0110702}
{"level":"INFO","time":"2023-05-19T14:54:34.724+0800","caller":"logger/logger.go:93","msg":"/api/v1/Hello","status":200,"method":"GET","path":"/api/v1/Hello","query":"","ip":"::1","user-agent":"PostmanRuntime/7.29.2","errors":"","cost":0}
{"level":"INFO","time":"2023-05-19T14:55:12.174+0800","caller":"logger/logger.go:93","msg":"/api/v1/topic/1","status":200,"method":"GET","path":"/api/v1/topic/1","query":"","ip":"::1","user-agent":"PostmanRuntime/7.29.2","errors":"","cost":0}
{"level":"ERROR","time":"2023-05-19T14:55:19.193+0800","caller":"controller/topic.go:59","msg":"logic.GetTopicDetail() failed","error":"Error 1064 (42000): You have an error in your SQL syntax; check the manual that corresponds to your MySQL server version for the right syntax to use near 'selecttopic_id,topic_name,introduction,create_timefrom topicwhere topic_id=?' at line 1"}
{"level":"INFO","time":"2023-05-19T14:55:19.194+0800","caller":"logger/logger.go:93","msg":"/api/v1/topic/1","status":200,"method":"GET","path":"/api/v1/topic/1","query":"","ip":"::1","user-agent":"PostmanRuntime/7.29.2","errors":"","cost":0.0119339}
{"level":"DEBUG","time":"2023-05-19T14:56:57.180+0800","caller":"ForumV1/main.go:28","msg":"logger init success。。。"}
{"level":"ERROR","time":"2023-05-19T14:56:59.057+0800","caller":"controller/topic.go:59","msg":"logic.GetTopicDetail() failed","error":"Error 1064 (42000): You have an error in your SQL syntax; check the manual that corresponds to your MySQL server version for the right syntax to use near 'selecttopic_id,topic_name,introduction,create_timefrom topicwhere id=?' at line 1"}
{"level":"INFO","time":"2023-05-19T14:56:59.058+0800","caller":"logger/logger.go:93","msg":"/api/v1/topic/1","status":200,"method":"GET","path":"/api/v1/topic/1","query":"","ip":"::1","user-agent":"PostmanRuntime/7.29.2","errors":"","cost":0.002363}
{"level":"DEBUG","time":"2023-05-19T14:57:36.360+0800","caller":"ForumV1/main.go:28","msg":"logger init success。。。"}
{"level":"INFO","time":"2023-05-19T14:57:38.993+0800","caller":"logger/logger.go:93","msg":"/api/v1/topic/1","status":200,"method":"GET","path":"/api/v1/topic/1","query":"","ip":"::1","user-agent":"PostmanRuntime/7.29.2","errors":"","cost":0.0124056}
{"level":"INFO","time":"2023-05-19T14:57:44.208+0800","caller":"logger/logger.go:93","msg":"/api/v1/topic/2","status":200,"method":"GET","path":"/api/v1/topic/2","query":"","ip":"::1","user-agent":"PostmanRuntime/7.29.2","errors":"","cost":0.000997}
{"level":"INFO","time":"2023-05-19T14:57:47.840+0800","caller":"logger/logger.go:93","msg":"/api/v1/topic/3","status":200,"method":"GET","path":"/api/v1/topic/3","query":"","ip":"::1","user-agent":"PostmanRuntime/7.29.2","errors":"","cost":0.000834}
{"level":"DEBUG","time":"2023-05-19T14:58:38.226+0800","caller":"ForumV1/main.go:28","msg":"logger init success。。。"}
{"level":"INFO","time":"2023-05-19T14:58:43.767+0800","caller":"logger/logger.go:93","msg":"/api/v1/topic/3","status":200,"method":"GET","path":"/api/v1/topic/3","query":"","ip":"::1","user-agent":"PostmanRuntime/7.29.2","errors":"","cost":0.00226}
{"level":"INFO","time":"2023-05-19T14:58:47.764+0800","caller":"logger/logger.go:93","msg":"/api/v1/topic/1","status":200,"method":"GET","path":"/api/v1/topic/1","query":"","ip":"::1","user-agent":"PostmanRuntime/7.29.2","errors":"","cost":0.0011962}
{"level":"DEBUG","time":"2023-05-19T15:03:21.785+0800","caller":"ForumV1/main.go:28","msg":"logger init success。。。"}
{"level":"DEBUG","time":"2023-05-19T15:04:30.292+0800","caller":"ForumV1/main.go:28","msg":"logger init success。。。"}
{"level":"DEBUG","time":"2023-05-19T15:08:06.003+0800","caller":"ForumV1/main.go:28","msg":"logger init success。。。"}
{"level":"INFO","time":"2023-05-19T15:08:14.432+0800","caller":"logger/logger.go:93","msg":"/api/v1/topic/id/1","status":200,"method":"GET","path":"/api/v1/topic/id/1","query":"","ip":"::1","user-agent":"PostmanRuntime/7.29.2","errors":"","cost":0.0007999}
{"level":"INFO","time":"2023-05-19T15:08:25.324+0800","caller":"logger/logger.go:93","msg":"/api/v1/topic/id/1","status":200,"method":"GET","path":"/api/v1/topic/id/1","query":"","ip":"::1","user-agent":"PostmanRuntime/7.29.2","errors":"","cost":0.0067687}
{"level":"INFO","time":"2023-05-19T15:08:29.711+0800","caller":"logger/logger.go:93","msg":"/api/v1/topic/id/2","status":200,"method":"GET","path":"/api/v1/topic/id/2","query":"","ip":"::1","user-agent":"PostmanRuntime/7.29.2","errors":"","cost":0.0007618}
{"level":"INFO","time":"2023-05-19T15:08:57.319+0800","caller":"logger/logger.go:93","msg":"/api/v1/topic/name/go","status":200,"method":"GET","path":"/api/v1/topic/name/go","query":"","ip":"::1","user-agent":"PostmanRuntime/7.29.2","errors":"","cost":0.0018431}
{"level":"INFO","time":"2023-05-19T15:09:10.060+0800","caller":"logger/logger.go:93","msg":"/api/v1/topic/name/java","status":200,"method":"GET","path":"/api/v1/topic/name/java","query":"","ip":"::1","user-agent":"PostmanRuntime/7.29.2","errors":"","cost":0.0015182}
{"level":"DEBUG","time":"2023-05-19T16:51:09.633+0800","caller":"ForumV1/main.go:28","msg":"logger init success。。。"}
{"level":"INFO","time":"2023-05-19T16:52:31.291+0800","caller":"logger/logger.go:93","msg":"/api/v1/post/create","status":200,"method":"POST","path":"/api/v1/post/create","query":"","ip":"::1","user-agent":"PostmanRuntime/7.29.2","errors":"","cost":0}
{"level":"DEBUG","time":"2023-05-19T16:54:11.076+0800","caller":"ForumV1/main.go:28","msg":"logger init success。。。"}
{"level":"INFO","time":"2023-05-19T16:54:15.865+0800","caller":"logger/logger.go:93","msg":"/api/v1/topic/name/java","status":200,"method":"GET","path":"/api/v1/topic/name/java","query":"","ip":"::1","user-agent":"PostmanRuntime/7.29.2","errors":"","cost":0.0455708}
{"level":"INFO","time":"2023-05-19T16:54:18.885+0800","caller":"logger/logger.go:93","msg":"/api/v1/post/create","status":200,"method":"POST","path":"/api/v1/post/create","query":"","ip":"::1","user-agent":"PostmanRuntime/7.29.2","errors":"","cost":0.0009989}
{"level":"DEBUG","time":"2023-05-19T16:55:07.080+0800","caller":"ForumV1/main.go:28","msg":"logger init success。。。"}
{"level":"DEBUG","time":"2023-05-19T16:55:09.051+0800","caller":"controller/post.go:15","msg":"**c.shouldBindJson(p) error","err":"Key: 'Post.topic_id' Error:Field validation for 'topic_id' failed on the 'required' tag"}
{"level":"ERROR","time":"2023-05-19T16:55:09.051+0800","caller":"controller/post.go:16","msg":"***create post with invalid param","error":"Key: 'Post.topic_id' Error:Field validation for 'topic_id' failed on the 'required' tag"}
{"level":"INFO","time":"2023-05-19T16:55:09.052+0800","caller":"logger/logger.go:93","msg":"/api/v1/post/create","status":200,"method":"POST","path":"/api/v1/post/create","query":"","ip":"::1","user-agent":"PostmanRuntime/7.29.2","errors":"","cost":0.0023913}
{"level":"ERROR","time":"2023-05-19T16:55:30.501+0800","caller":"controller/post.go:31","msg":"logic.CreatPost(p) failed","error":"sql: converting argument $6 type: unsupported type [32]uint8, a array"}
{"level":"INFO","time":"2023-05-19T16:55:30.502+0800","caller":"logger/logger.go:93","msg":"/api/v1/post/create","status":200,"method":"POST","path":"/api/v1/post/create","query":"","ip":"::1","user-agent":"PostmanRuntime/7.29.2","errors":"","cost":0.0015186}
{"level":"DEBUG","time":"2023-05-19T17:03:27.464+0800","caller":"ForumV1/main.go:28","msg":"logger init success。。。"}
{"level":"ERROR","time":"2023-05-19T17:03:33.322+0800","caller":"controller/post.go:31","msg":"logic.CreatPost(p) failed","error":"Error 1364 (HY000): Field 'status' doesn't have a default value"}
{"level":"INFO","time":"2023-05-19T17:03:33.323+0800","caller":"logger/logger.go:93","msg":"/api/v1/post/create","status":200,"method":"POST","path":"/api/v1/post/create","query":"","ip":"::1","user-agent":"PostmanRuntime/7.29.2","errors":"","cost":0.0199137}
{"level":"INFO","time":"2023-05-19T17:04:46.629+0800","caller":"logger/logger.go:93","msg":"/api/v1/post/create","status":200,"method":"POST","path":"/api/v1/post/create","query":"","ip":"::1","user-agent":"PostmanRuntime/7.29.2","errors":"","cost":0.0168526}
{"level":"DEBUG","time":"2023-05-19T17:13:41.280+0800","caller":"ForumV1/main.go:28","msg":"logger init success。。。"}
{"level":"INFO","time":"2023-05-19T17:13:48.674+0800","caller":"logger/logger.go:93","msg":"/api/v1/post/create","status":200,"method":"POST","path":"/api/v1/post/create","query":"","ip":"::1","user-agent":"PostmanRuntime/7.29.2","errors":"","cost":0.0108992}
{"level":"ERROR","time":"2023-05-19T17:17:35.852+0800","caller":"controller/post.go:31","msg":"logic.CreatPost(p) failed","error":"Error 1366 (HY000): Incorrect integer value: 'U?:JXE?7' for column 'post_key' at row 1"}
{"level":"INFO","time":"2023-05-19T17:17:35.852+0800","caller":"logger/logger.go:93","msg":"/api/v1/post/create","status":200,"method":"POST","path":"/api/v1/post/create","query":"","ip":"::1","user-agent":"PostmanRuntime/7.29.2","errors":"","cost":0.011202}
{"level":"INFO","time":"2023-05-19T17:18:18.201+0800","caller":"logger/logger.go:93","msg":"/api/v1/post/create","status":200,"method":"POST","path":"/api/v1/post/create","query":"","ip":"::1","user-agent":"PostmanRuntime/7.29.2","errors":"","cost":0.0102359}
{"level":"DEBUG","time":"2023-05-19T17:32:41.957+0800","caller":"ForumV1/main.go:28","msg":"logger init success。。。"}
{"level":"INFO","time":"2023-05-19T17:32:46.359+0800","caller":"logger/logger.go:93","msg":"/api/v1/post/create","status":200,"method":"POST","path":"/api/v1/post/create","query":"","ip":"::1","user-agent":"PostmanRuntime/7.29.2","errors":"","cost":0.0058328}
{"level":"DEBUG","time":"2023-05-19T17:35:53.532+0800","caller":"ForumV1/main.go:28","msg":"logger init success。。。"}
{"level":"INFO","time":"2023-05-19T17:35:55.294+0800","caller":"logger/logger.go:93","msg":"/api/v1/post/create","status":200,"method":"POST","path":"/api/v1/post/create","query":"","ip":"::1","user-agent":"PostmanRuntime/7.29.2","errors":"","cost":0.007748}
{"level":"DEBUG","time":"2023-05-19T18:22:04.575+0800","caller":"ForumV1/main.go:28","msg":"logger init success。。。"}
{"level":"INFO","time":"2023-05-19T18:23:04.448+0800","caller":"logger/logger.go:93","msg":"/api/v1/post/efbfbde6838ae98692e6b58be8af95e38082e38082e380820800fc577294c34e0b28ad2839435945","status":200,"method":"GET","path":"/api/v1/post/efbfbde6838ae98692e6b58be8af95e38082e38082e380820800fc577294c34e0b28ad2839435945","query":"","ip":"::1","user-agent":"PostmanRuntime/7.29.2","errors":"","cost":0.0007225}
{"level":"DEBUG","time":"2023-05-19T18:24:44.483+0800","caller":"ForumV1/main.go:28","msg":"logger init success。。。"}
{"level":"INFO","time":"2023-05-19T18:24:50.660+0800","caller":"logger/logger.go:93","msg":"/api/v1/post/efbfbde6838ae98692e6b58be8af95e38082e38082e380820800fc577294c34e0b28ad2839435945","status":200,"method":"GET","path":"/api/v1/post/efbfbde6838ae98692e6b58be8af95e38082e38082e380820800fc577294c34e0b28ad2839435945","query":"","ip":"::1","user-agent":"PostmanRuntime/7.29.2","errors":"","cost":0.0008652}
{"level":"DEBUG","time":"2023-05-19T18:25:44.771+0800","caller":"ForumV1/main.go:28","msg":"logger init success。。。"}
{"level":"INFO","time":"2023-05-19T18:25:50.214+0800","caller":"logger/logger.go:93","msg":"/api/v1/post/efbfbde6838ae98692e6b58be8af95e38082e38082e380820800fc577294c34e0b28ad2839435945","status":200,"method":"GET","path":"/api/v1/post/efbfbde6838ae98692e6b58be8af95e38082e38082e380820800fc577294c34e0b28ad2839435945","query":"","ip":"::1","user-agent":"PostmanRuntime/7.29.2","errors":"","cost":0.0223205}
{"level":"DEBUG","time":"2023-05-19T18:28:59.123+0800","caller":"ForumV1/main.go:28","msg":"logger init success。。。"}
{"level":"INFO","time":"2023-05-19T18:29:02.402+0800","caller":"logger/logger.go:93","msg":"/api/v1/post/efbfbde6838ae98692e6b58be8af95e38082e38082e380820800fc577294c34e0b28ad2839435945","status":200,"method":"GET","path":"/api/v1/post/efbfbde6838ae98692e6b58be8af95e38082e38082e380820800fc577294c34e0b28ad2839435945","query":"","ip":"::1","user-agent":"PostmanRuntime/7.29.2","errors":"","cost":0.0069862}
{"level":"DEBUG","time":"2023-05-19T18:59:04.314+0800","caller":"ForumV1/main.go:28","msg":"logger init success。。。"}
{"level":"DEBUG","time":"2023-05-19T18:59:26.684+0800","caller":"ForumV1/main.go:28","msg":"logger init success。。。"}
{"level":"DEBUG","time":"2023-05-19T19:00:44.550+0800","caller":"ForumV1/main.go:28","msg":"logger init success。。。"}
{"level":"INFO","time":"2023-05-19T19:01:05.462+0800","caller":"logger/logger.go:93","msg":"/api/v1/post/bykey/efbfbde6838ae98692e6b58be8af95e38082e38082e380820800fc577294c34e0b28ad2839435945","status":200,"method":"GET","path":"/api/v1/post/bykey/efbfbde6838ae98692e6b58be8af95e38082e38082e380820800fc577294c34e0b28ad2839435945","query":"","ip":"::1","user-agent":"PostmanRuntime/7.29.2","errors":"","cost":0.0110997}
{"level":"INFO","time":"2023-05-19T19:01:55.391+0800","caller":"logger/logger.go:93","msg":"/api/v1/post/bytopicid/1","status":200,"method":"GET","path":"/api/v1/post/bytopicid/1","query":"","ip":"::1","user-agent":"PostmanRuntime/7.29.2","errors":"","cost":0}
{"level":"INFO","time":"2023-05-19T19:02:00.991+0800","caller":"logger/logger.go:93","msg":"/api/v1/post/bytopicid/1","status":200,"method":"GET","path":"/api/v1/post/bytopicid/1","query":"","ip":"::1","user-agent":"PostmanRuntime/7.29.2","errors":"","cost":0.0053957}
{"level":"DEBUG","time":"2023-05-19T19:02:56.917+0800","caller":"ForumV1/main.go:28","msg":"logger init success。。。"}
{"level":"INFO","time":"2023-05-19T19:02:58.140+0800","caller":"logger/logger.go:93","msg":"/api/v1/post/bytopicid/1","status":200,"method":"GET","path":"/api/v1/post/bytopicid/1","query":"","ip":"::1","user-agent":"PostmanRuntime/7.29.2","errors":"","cost":0.0066807}
{"level":"DEBUG","time":"2023-05-19T19:03:30.295+0800","caller":"ForumV1/main.go:28","msg":"logger init success。。。"}
{"level":"DEBUG","time":"2023-05-19T19:05:34.284+0800","caller":"ForumV1/main.go:28","msg":"logger init success。。。"}
{"level":"INFO","time":"2023-05-19T19:05:35.637+0800","caller":"logger/logger.go:93","msg":"/api/v1/post/bytopicid/1/","status":200,"method":"GET","path":"/api/v1/post/bytopicid/1/","query":"page=1&size=3","ip":"::1","user-agent":"PostmanRuntime/7.29.2","errors":"","cost":0.0055767}
{"level":"DEBUG","time":"2023-05-19T19:08:09.819+0800","caller":"ForumV1/main.go:28","msg":"logger init success。。。"}
{"level":"INFO","time":"2023-05-19T19:08:11.542+0800","caller":"logger/logger.go:93","msg":"/api/v1/post/bytopicid/1/","status":200,"method":"GET","path":"/api/v1/post/bytopicid/1/","query":"page=1&size=3","ip":"::1","user-agent":"PostmanRuntime/7.29.2","errors":"","cost":0.0088807}
{"level":"DEBUG","time":"2023-05-19T19:09:56.226+0800","caller":"ForumV1/main.go:28","msg":"logger init success。。。"}
{"level":"INFO","time":"2023-05-19T19:10:01.046+0800","caller":"logger/logger.go:93","msg":"/api/v1/post/bytopicid/1/","status":200,"method":"GET","path":"/api/v1/post/bytopicid/1/","query":"page=1&size=3","ip":"::1","user-agent":"PostmanRuntime/7.29.2","errors":"","cost":0.0082728}
{"level":"DEBUG","time":"2023-05-19T19:11:32.918+0800","caller":"ForumV1/main.go:28","msg":"logger init success。。。"}
{"level":"INFO","time":"2023-05-19T19:11:34.511+0800","caller":"logger/logger.go:93","msg":"/api/v1/post/bytopicid/1/","status":200,"method":"GET","path":"/api/v1/post/bytopicid/1/","query":"page=1&size=3","ip":"::1","user-agent":"PostmanRuntime/7.29.2","errors":"","cost":0.0078454}
{"level":"INFO","time":"2023-05-19T19:11:47.739+0800","caller":"logger/logger.go:93","msg":"/api/v1/post/bytopicid/3/","status":200,"method":"GET","path":"/api/v1/post/bytopicid/3/","query":"page=1&size=3","ip":"::1","user-agent":"PostmanRuntime/7.29.2","errors":"","cost":0.0058748}
{"level":"INFO","time":"2023-05-19T19:12:10.210+0800","caller":"logger/logger.go:93","msg":"/api/v1/post/bytopicid/3/","status":200,"method":"GET","path":"/api/v1/post/bytopicid/3/","query":"page=1&size=6","ip":"::1","user-agent":"PostmanRuntime/7.29.2","errors":"","cost":0.001861}
{"level":"DEBUG","time":"2023-05-19T19:12:43.602+0800","caller":"ForumV1/main.go:28","msg":"logger init success。。。"}
{"level":"INFO","time":"2023-05-19T19:12:46.233+0800","caller":"logger/logger.go:93","msg":"/api/v1/post/bytopicid/3/","status":200,"method":"GET","path":"/api/v1/post/bytopicid/3/","query":"page=1&size=6","ip":"::1","user-agent":"PostmanRuntime/7.29.2","errors":"","cost":0.0055474}
{"level":"DEBUG","time":"2023-05-19T19:16:20.835+0800","caller":"ForumV1/main.go:28","msg":"logger init success。。。"}
{"level":"INFO","time":"2023-05-19T19:16:24.752+0800","caller":"logger/logger.go:93","msg":"/api/v1/post/bytopicid/3/","status":200,"method":"GET","path":"/api/v1/post/bytopicid/3/","query":"page=1&size=6","ip":"::1","user-agent":"PostmanRuntime/7.29.2","errors":"","cost":0.0091454}
{"level":"DEBUG","time":"2023-05-20T09:24:32.883+0800","caller":"ForumV1/main.go:28","msg":"logger init success。。。"}
{"level":"INFO","time":"2023-05-20T09:24:41.547+0800","caller":"logger/logger.go:93","msg":"/api/v1/post/create","status":200,"method":"POST","path":"/api/v1/post/create","query":"","ip":"::1","user-agent":"PostmanRuntime/7.29.2","errors":"","cost":0.0511999}
{"level":"INFO","time":"2023-05-20T09:25:37.991+0800","caller":"logger/logger.go:93","msg":"/api/v1/post/bytopicid/3/","status":200,"method":"GET","path":"/api/v1/post/bytopicid/3/","query":"page=2&size=4","ip":"::1","user-agent":"PostmanRuntime/7.29.2","errors":"","cost":0.010761}
{"level":"INFO","time":"2023-05-20T09:34:00.965+0800","caller":"logger/logger.go:93","msg":"/api/v1/post/bytopicid/3/","status":200,"method":"GET","path":"/api/v1/post/bytopicid/3/","query":"page=3&size=2","ip":"::1","user-agent":"PostmanRuntime/7.29.2","errors":"","cost":0.0154208}
{"level":"INFO","time":"2023-05-20T09:34:40.540+0800","caller":"logger/logger.go:93","msg":"/api/v1/post/create","status":200,"method":"POST","path":"/api/v1/post/create","query":"","ip":"::1","user-agent":"PostmanRuntime/7.29.2","errors":"","cost":0.0161908}
{"level":"INFO","time":"2023-05-20T09:35:21.331+0800","caller":"logger/logger.go:93","msg":"/api/v1/post/create","status":200,"method":"POST","path":"/api/v1/post/create","query":"","ip":"::1","user-agent":"PostmanRuntime/7.29.2","errors":"","cost":0.0093528}
{"level":"INFO","time":"2023-05-20T09:35:45.543+0800","caller":"logger/logger.go:93","msg":"/api/v1/post/create","status":200,"method":"POST","path":"/api/v1/post/create","query":"","ip":"::1","user-agent":"PostmanRuntime/7.29.2","errors":"","cost":0.0157703}
{"level":"INFO","time":"2023-05-20T09:36:11.601+0800","caller":"logger/logger.go:93","msg":"/api/v1/post/create","status":200,"method":"POST","path":"/api/v1/post/create","query":"","ip":"::1","user-agent":"PostmanRuntime/7.29.2","errors":"","cost":0.0158325}
{"level":"INFO","time":"2023-05-20T09:36:32.229+0800","caller":"logger/logger.go:93","msg":"/api/v1/post/bytopicid/2/","status":200,"method":"GET","path":"/api/v1/post/bytopicid/2/","query":"page=1&size=2","ip":"::1","user-agent":"PostmanRuntime/7.29.2","errors":"","cost":0.001569}
{"level":"INFO","time":"2023-05-20T09:36:36.979+0800","caller":"logger/logger.go:93","msg":"/api/v1/post/bytopicid/2/","status":200,"method":"GET","path":"/api/v1/post/bytopicid/2/","query":"page=1&size=3","ip":"::1","user-agent":"PostmanRuntime/7.29.2","errors":"","cost":0.0015801}
{"level":"INFO","time":"2023-05-20T09:36:43.621+0800","caller":"logger/logger.go:93","msg":"/api/v1/post/bytopicid/1/","status":200,"method":"GET","path":"/api/v1/post/bytopicid/1/","query":"page=1&size=3","ip":"::1","user-agent":"PostmanRuntime/7.29.2","errors":"","cost":0.009713}
{"level":"DEBUG","time":"2023-05-20T10:08:48.674+0800","caller":"ForumV1/main.go:28","msg":"logger init success。。。"}
{"level":"ERROR","time":"2023-05-20T10:10:00.338+0800","caller":"controller/post.go:79","msg":"logic.GetPostsByTopicID() failed","error":"Error 1054 (42S22): Unknown column 'title' in 'field list'"}
{"level":"INFO","time":"2023-05-20T10:10:00.340+0800","caller":"logger/logger.go:93","msg":"/api/v1/post/like-content/go","status":200,"method":"GET","path":"/api/v1/post/like-content/go","query":"","ip":"::1","user-agent":"PostmanRuntime/7.29.2","errors":"","cost":0.0202947}
{"level":"DEBUG","time":"2023-05-20T10:11:54.126+0800","caller":"ForumV1/main.go:28","msg":"logger init success。。。"}
{"level":"INFO","time":"2023-05-20T10:12:00.453+0800","caller":"logger/logger.go:93","msg":"/api/v1/post/like-content/go","status":200,"method":"GET","path":"/api/v1/post/like-content/go","query":"","ip":"::1","user-agent":"PostmanRuntime/7.29.2","errors":"","cost":0.0298787}
{"level":"INFO","time":"2023-05-20T10:12:07.036+0800","caller":"logger/logger.go:93","msg":"/api/v1/post/like-content/测试","status":200,"method":"GET","path":"/api/v1/post/like-content/测试","query":"","ip":"::1","user-agent":"PostmanRuntime/7.29.2","errors":"","cost":0.0014324}
{"level":"INFO","time":"2023-05-20T10:12:19.004+0800","caller":"logger/logger.go:93","msg":"/api/v1/post/like-content/阿巴阿巴","status":200,"method":"GET","path":"/api/v1/post/like-content/阿巴阿巴","query":"","ip":"::1","user-agent":"PostmanRuntime/7.29.2","errors":"","cost":0.0013064}
{"level":"DEBUG","time":"2023-05-20T13:16:08.442+0800","caller":"ForumV1/main.go:28","msg":"logger init success。。。"}
{"level":"INFO","time":"2023-05-20T13:16:23.211+0800","caller":"logger/logger.go:93","msg":"/api/v1/Hello","status":200,"method":"GET","path":"/api/v1/Hello","query":"","ip":"::1","user-agent":"PostmanRuntime/7.29.2","errors":"","cost":0.0003048}
{"level":"INFO","time":"2023-05-20T13:16:30.179+0800","caller":"logger/logger.go:93","msg":"/api/v1/login","status":200,"method":"POST","path":"/api/v1/login","query":"","ip":"::1","user-agent":"PostmanRuntime/7.29.2","errors":"","cost":0.0422242}
{"level":"INFO","time":"2023-05-20T13:16:41.192+0800","caller":"logger/logger.go:93","msg":"/api/v1/Hello","status":200,"method":"GET","path":"/api/v1/Hello","query":"","ip":"::1","user-agent":"PostmanRuntime/7.29.2","errors":"","cost":0.0008654}
{"level":"DEBUG","time":"2023-05-20T13:18:08.683+0800","caller":"ForumV1/main.go:28","msg":"logger init success。。。"}
{"level":"INFO","time":"2023-05-20T13:19:10.223+0800","caller":"logger/logger.go:93","msg":"/api/v1/post/sder1234eded/response/","status":200,"method":"POST","path":"/api/v1/post/sder1234eded/response/","query":"","ip":"::1","user-agent":"PostmanRuntime/7.29.2","errors":"","cost":0.0310868}
{"level":"INFO","time":"2023-05-20T13:20:23.890+0800","caller":"logger/logger.go:93","msg":"/api/v1/post/sder1234eded/response/","status":200,"method":"POST","path":"/api/v1/post/sder1234eded/response/","query":"","ip":"::1","user-agent":"PostmanRuntime/7.29.2","errors":"","cost":0.0179351}
{"level":"DEBUG","time":"2023-05-20T13:56:08.730+0800","caller":"ForumV1/main.go:28","msg":"logger init success。。。"}
{"level":"INFO","time":"2023-05-20T13:56:46.655+0800","caller":"logger/logger.go:93","msg":"/api/v1/post/getallpost/bypost_key","status":200,"method":"GET","path":"/api/v1/post/getallpost/bypost_key","query":"","ip":"::1","user-agent":"PostmanRuntime/7.29.2","errors":"","cost":0.0009277}
{"level":"DEBUG","time":"2023-05-20T17:07:57.336+0800","caller":"ForumV1/main.go:28","msg":"logger init success。。。"}
{"level":"ERROR","time":"2023-05-20T17:08:25.497+0800","caller":"controller/post.go:136","msg":"logic.GetAllPostsByPostKey() failed","error":"sql: converting argument $1 type: unsupported type []interface {}, a slice of interface"}
{"level":"INFO","time":"2023-05-20T17:08:25.498+0800","caller":"logger/logger.go:93","msg":"/api/v1/post/getallpost/bypost_key","status":200,"method":"GET","path":"/api/v1/post/getallpost/bypost_key","query":"","ip":"::1","user-agent":"PostmanRuntime/7.29.2","errors":"","cost":0.0022405}
{"level":"DEBUG","time":"2023-05-20T17:16:14.058+0800","caller":"ForumV1/main.go:28","msg":"logger init success。。。"}
{"level":"ERROR","time":"2023-05-20T17:16:15.678+0800","caller":"controller/post.go:136","msg":"logic.GetAllPostsByPostKey() failed","error":"sql: converting argument $1 type: unsupported type []interface {}, a slice of interface"}
{"level":"INFO","time":"2023-05-20T17:16:15.680+0800","caller":"logger/logger.go:93","msg":"/api/v1/post/getallpost/bypost_key","status":200,"method":"GET","path":"/api/v1/post/getallpost/bypost_key","query":"","ip":"::1","user-agent":"PostmanRuntime/7.29.2","errors":"","cost":0.0023758}
{"level":"DEBUG","time":"2023-05-20T17:16:56.265+0800","caller":"ForumV1/main.go:28","msg":"logger init success。。。"}
{"level":"ERROR","time":"2023-05-20T17:16:58.530+0800","caller":"controller/post.go:136","msg":"logic.GetAllPostsByPostKey() failed","error":"sql: converting argument $1 type: unsupported type []interface {}, a slice of interface"}
{"level":"INFO","time":"2023-05-20T17:16:58.532+0800","caller":"logger/logger.go:93","msg":"/api/v1/post/getallpost/bypost_key","status":200,"method":"GET","path":"/api/v1/post/getallpost/bypost_key","query":"","ip":"::1","user-agent":"PostmanRuntime/7.29.2","errors":"","cost":0.0025525}
{"level":"DEBUG","time":"2023-05-20T17:22:14.028+0800","caller":"ForumV1/main.go:28","msg":"logger init success。。。"}
{"level":"ERROR","time":"2023-05-20T17:22:16.255+0800","caller":"controller/post.go:136","msg":"logic.GetAllPostsByPostKey() failed","error":"sql: converting argument $1 type: unsupported type []interface {}, a slice of interface"}
{"level":"INFO","time":"2023-05-20T17:22:16.256+0800","caller":"logger/logger.go:93","msg":"/api/v1/post/getallpost/bypost_key","status":200,"method":"GET","path":"/api/v1/post/getallpost/bypost_key","query":"","ip":"::1","user-agent":"PostmanRuntime/7.29.2","errors":"","cost":0.0019595}
{"level":"DEBUG","time":"2023-05-20T17:28:56.887+0800","caller":"ForumV1/main.go:28","msg":"logger init success。。。"}
{"level":"ERROR","time":"2023-05-20T17:29:02.953+0800","caller":"controller/post.go:136","msg":"logic.GetAllPostsByPostKey() failed","error":"sql: Scan error on column index 2, name \"title\": converting NULL to string is unsupported"}
{"level":"INFO","time":"2023-05-20T17:29:02.954+0800","caller":"logger/logger.go:93","msg":"/api/v1/post/getallpost/bypost_key","status":200,"method":"GET","path":"/api/v1/post/getallpost/bypost_key","query":"","ip":"::1","user-agent":"PostmanRuntime/7.29.2","errors":"","cost":0.0425309}
{"level":"DEBUG","time":"2023-05-20T17:33:20.428+0800","caller":"ForumV1/main.go:28","msg":"logger init success。。。"}
{"level":"INFO","time":"2023-05-20T17:33:23.968+0800","caller":"logger/logger.go:93","msg":"/api/v1/post/getallpost/bypost_key","status":200,"method":"GET","path":"/api/v1/post/getallpost/bypost_key","query":"","ip":"::1","user-agent":"PostmanRuntime/7.29.2","errors":"","cost":0.0104233}
{"level":"DEBUG","time":"2023-05-21T14:35:22.471+0800","caller":"ForumV1/main.go:28","msg":"logger init success。。。"}
{"level":"INFO","time":"2023-05-21T14:35:24.696+0800","caller":"logger/logger.go:93","msg":"/api/v1/post/getallpost/bypost_key","status":200,"method":"GET","path":"/api/v1/post/getallpost/bypost_key","query":"","ip":"::1","user-agent":"PostmanRuntime/7.29.2","errors":"","cost":0}
{"level":"INFO","time":"2023-05-21T14:35:30.125+0800","caller":"logger/logger.go:93","msg":"/api/v1/login","status":200,"method":"POST","path":"/api/v1/login","query":"","ip":"::1","user-agent":"PostmanRuntime/7.29.2","errors":"","cost":0.0940301}
{"level":"INFO","time":"2023-05-21T14:35:46.703+0800","caller":"logger/logger.go:93","msg":"/api/v1/post/getallpost/bypost_key","status":200,"method":"GET","path":"/api/v1/post/getallpost/bypost_key","query":"","ip":"::1","user-agent":"PostmanRuntime/7.29.2","errors":"","cost":0.0178133}
{"level":"INFO","time":"2023-05-21T14:39:34.169+0800","caller":"logger/logger.go:93","msg":"/api/v1/post/like-content/阿巴阿巴","status":200,"method":"GET","path":"/api/v1/post/like-content/阿巴阿巴","query":"","ip":"::1","user-agent":"PostmanRuntime/7.29.2","errors":"","cost":0.0022099}
{"level":"DEBUG","time":"2023-05-21T15:23:56.508+0800","caller":"ForumV1/main.go:28","msg":"logger init success。。。"}
{"level":"INFO","time":"2023-05-21T15:24:25.943+0800","caller":"logger/logger.go:93","msg":"/api/v1/post","status":200,"method":"POST","path":"/api/v1/post","query":"","ip":"::1","user-agent":"PostmanRuntime/7.29.2","errors":"","cost":0.0048006}
{"level":"DEBUG","time":"2023-05-21T15:56:22.705+0800","caller":"ForumV1/main.go:28","msg":"logger init success。。。"}
{"level":"INFO","time":"2023-05-21T15:56:35.704+0800","caller":"logger/logger.go:93","msg":"/api/v1/post/getallpost/bypost_key","status":200,"method":"GET","path":"/api/v1/post/getallpost/bypost_key","query":"","ip":"::1","user-agent":"PostmanRuntime/7.29.2","errors":"","cost":0.0096326}
{"level":"INFO","time":"2023-05-21T15:56:47.041+0800","caller":"logger/logger.go:93","msg":"/api/v1/post","status":200,"method":"POST","path":"/api/v1/post","query":"","ip":"::1","user-agent":"PostmanRuntime/7.29.2","errors":"","cost":0.0034003}
{"level":"INFO","time":"2023-05-21T15:58:15.994+0800","caller":"logger/logger.go:93","msg":"/api/v1/post/user","status":200,"method":"POST","path":"/api/v1/post/user","query":"","ip":"::1","user-agent":"PostmanRuntime/7.29.2","errors":"","cost":0.0154561}
{"level":"DEBUG","time":"2023-05-21T16:47:07.952+0800","caller":"ForumV1/main.go:28","msg":"logger init success。。。"}
{"level":"DEBUG","time":"2023-05-21T16:47:39.581+0800","caller":"ForumV1/main.go:28","msg":"logger init success。。。"}
{"level":"INFO","time":"2023-05-21T16:48:50.352+0800","caller":"logger/logger.go:93","msg":"/api/v1/file/user","status":404,"method":"GET","path":"/api/v1/file/user","query":"","ip":"::1","user-agent":"PostmanRuntime/7.29.2","errors":"","cost":0.0010647}
{"level":"DEBUG","time":"2023-05-21T16:50:12.901+0800","caller":"ForumV1/main.go:28","msg":"logger init success。。。"}
{"level":"DEBUG","time":"2023-05-21T16:50:32.118+0800","caller":"ForumV1/main.go:28","msg":"logger init success。。。"}
{"level":"ERROR","time":"2023-05-21T16:50:44.132+0800","caller":"logger/logger.go:135","msg":"[Recovery from panic]","error":"runtime error: invalid memory address or nil pointer dereference","request":"GET /api/v1/user/balance HTTP/1.1\r\nHost: localhost:8080\r\nAccept: */*\r\nAccept-Encoding: gzip, deflate, br\r\nAuthorization: Bearer eyJhbGciOiJIUzI1NiIsInR5cCI6IkpXVCJ9.eyJ1c2VyLWlkIjo0MjM4NDEzMTA0NDU1NjgsInVzZXJuYW1lIjoibWh4NiIsImV4cCI6MTY4NDczNzMzMCwiaXNzIjoiYmx1ZWJlbGwifQ.DxZVBf-GpOhMIDFHEn6VLHhSVInpQ0W1yk-DDn7fi0c\r\nConnection: keep-alive\r\nPostman-Token: 0cfc29c2-f0f7-46ad-906b-4abb640eaa17\r\nUser-Agent: PostmanRuntime/7.29.2\r\n\r\n","stack":"goroutine 70 [running]:\nruntime/debug.Stack()\n\tD:/programs/go/src/runtime/debug/stack.go:24 +0x65\nForumv1/logger.GinRecovery.func1.1()\n\tD:/LearnForGo/TeamObject-ForForum/ForumV1/logger/logger.go:138 +0x2da\npanic({0x929a60, 0xd7cbf0})\n\tD:/programs/go/src/runtime/panic.go:838 +0x207\nForumv1/controller.GetUserBalanceHandler(0xc000454000?)\n\tD:/LearnForGo/TeamObject-ForForum/ForumV1/controller/user.go:71 +0x6f\ngithub.com/gin-gonic/gin.(*Context).Next(...)\n\tD:/代码/goProjects/pkg/mod/github.com/gin-gonic/gin@v1.9.0/context.go:174\nForumv1/middleWares.JWTAuthMiddleware.func1(0xc000454000)\n\tD:/LearnForGo/TeamObject-ForForum/ForumV1/middleWares/auth.go:45 +0x158\ngithub.com/gin-gonic/gin.(*Context).Next(...)\n\tD:/代码/goProjects/pkg/mod/github.com/gin-gonic/gin@v1.9.0/context.go:174\nForumv1/logger.GinRecovery.func1(0xc000454000)\n\tD:/LearnForGo/TeamObject-ForForum/ForumV1/logger/logger.go:149 +0x76\ngithub.com/gin-gonic/gin.(*Context).Next(...)\n\tD:/代码/goProjects/pkg/mod/github.com/gin-gonic/gin@v1.9.0/context.go:174\nForumv1/logger.GinLogger.func1(0xc000454000)\n\tD:/LearnForGo/TeamObject-ForForum/ForumV1/logger/logger.go:90 +0xa2\ngithub.com/gin-gonic/gin.(*Context).Next(...)\n\tD:/代码/goProjects/pkg/mod/github.com/gin-gonic/gin@v1.9.0/context.go:174\ngithub.com/gin-gonic/gin.(*Engine).handleHTTPRequest(0xc000580b60, 0xc000454000)\n\tD:/代码/goProjects/pkg/mod/github.com/gin-gonic/gin@v1.9.0/gin.go:620 +0x671\ngithub.com/gin-gonic/gin.(*Engine).ServeHTTP(0xc000580b60, {0xa968d0?, 0xc0003ac1c0}, 0xc0000dc000)\n\tD:/代码/goProjects/pkg/mod/github.com/gin-gonic/gin@v1.9.0/gin.go:576 +0x1dd\nnet/http.serverHandler.ServeHTTP({0xc000520060?}, {0xa968d0, 0xc0003ac1c0}, 0xc0000dc000)\n\tD:/programs/go/src/net/http/server.go:2916 +0x43b\nnet/http.(*conn).serve(0xc0001c0000, {0xa96f18, 0xc00040d950})\n\tD:/programs/go/src/net/http/server.go:1966 +0x5d7\ncreated by net/http.(*Server).Serve\n\tD:/programs/go/src/net/http/server.go:3071 +0x4db\n"}
{"level":"INFO","time":"2023-05-21T16:50:44.135+0800","caller":"logger/logger.go:93","msg":"/api/v1/user/balance","status":500,"method":"GET","path":"/api/v1/user/balance","query":"","ip":"::1","user-agent":"PostmanRuntime/7.29.2","errors":"","cost":0.0181253}
{"level":"INFO","time":"2023-05-21T16:51:16.739+0800","caller":"logger/logger.go:93","msg":"/api/v1/file/user","status":200,"method":"POST","path":"/api/v1/file/user","query":"","ip":"::1","user-agent":"PostmanRuntime/7.29.2","errors":"","cost":0.0123176}
{"level":"DEBUG","time":"2023-05-21T16:54:44.958+0800","caller":"ForumV1/main.go:28","msg":"logger init success。。。"}
{"level":"ERROR","time":"2023-05-21T16:55:01.609+0800","caller":"logger/logger.go:135","msg":"[Recovery from panic]","error":"runtime error: invalid memory address or nil pointer dereference","request":"GET /api/v1/user/balance HTTP/1.1\r\nHost: localhost:8080\r\nAccept: */*\r\nAccept-Encoding: gzip, deflate, br\r\nAuthorization: Bearer eyJhbGciOiJIUzI1NiIsInR5cCI6IkpXVCJ9.eyJ1c2VyLWlkIjo0MjM4NDEzMTA0NDU1NjgsInVzZXJuYW1lIjoibWh4NiIsImV4cCI6MTY4NDczNzMzMCwiaXNzIjoiYmx1ZWJlbGwifQ.DxZVBf-GpOhMIDFHEn6VLHhSVInpQ0W1yk-DDn7fi0c\r\nConnection: keep-alive\r\nPostman-Token: 36b2e38b-c48b-48f3-bfbf-f7d0007c7005\r\nUser-Agent: PostmanRuntime/7.29.2\r\n\r\n","stack":"goroutine 42 [running]:\nruntime/debug.Stack()\n\tD:/programs/go/src/runtime/debug/stack.go:24 +0x65\nForumv1/logger.GinRecovery.func1.1()\n\tD:/LearnForGo/TeamObject-ForForum/ForumV1/logger/logger.go:138 +0x2da\npanic({0xcd9a80, 0x112cbf0})\n\tD:/programs/go/src/runtime/panic.go:838 +0x207\nForumv1/controller.GetUserBalanceHandler(0xc000124200?)\n\tD:/LearnForGo/TeamObject-ForForum/ForumV1/controller/user.go:71 +0x6f\ngithub.com/gin-gonic/gin.(*Context).Next(...)\n\tD:/代码/goProjects/pkg/mod/github.com/gin-gonic/gin@v1.9.0/context.go:174\nForumv1/middleWares.JWTAuthMiddleware.func1(0xc000124200)\n\tD:/LearnForGo/TeamObject-ForForum/ForumV1/middleWares/auth.go:45 +0x158\ngithub.com/gin-gonic/gin.(*Context).Next(...)\n\tD:/代码/goProjects/pkg/mod/github.com/gin-gonic/gin@v1.9.0/context.go:174\nForumv1/logger.GinRecovery.func1(0xc000124200)\n\tD:/LearnForGo/TeamObject-ForForum/ForumV1/logger/logger.go:149 +0x76\ngithub.com/gin-gonic/gin.(*Context).Next(...)\n\tD:/代码/goProjects/pkg/mod/github.com/gin-gonic/gin@v1.9.0/context.go:174\nForumv1/logger.GinLogger.func1(0xc000124200)\n\tD:/LearnForGo/TeamObject-ForForum/ForumV1/logger/logger.go:90 +0xa2\ngithub.com/gin-gonic/gin.(*Context).Next(...)\n\tD:/代码/goProjects/pkg/mod/github.com/gin-gonic/gin@v1.9.0/context.go:174\ngithub.com/gin-gonic/gin.(*Engine).handleHTTPRequest(0xc000084680, 0xc000124200)\n\tD:/代码/goProjects/pkg/mod/github.com/gin-gonic/gin@v1.9.0/gin.go:620 +0x671\ngithub.com/gin-gonic/gin.(*Engine).ServeHTTP(0xc000084680, {0xe468f0?, 0xc0003d81c0}, 0xc000124100)\n\tD:/代码/goProjects/pkg/mod/github.com/gin-gonic/gin@v1.9.0/gin.go:576 +0x1dd\nnet/http.serverHandler.ServeHTTP({0xc00059ade0?}, {0xe468f0, 0xc0003d81c0}, 0xc000124100)\n\tD:/programs/go/src/net/http/server.go:2916 +0x43b\nnet/http.(*conn).serve(0xc00007c000, {0xe46f38, 0xc00059acf0})\n\tD:/programs/go/src/net/http/server.go:1966 +0x5d7\ncreated by net/http.(*Server).Serve\n\tD:/programs/go/src/net/http/server.go:3071 +0x4db\n"}
{"level":"INFO","time":"2023-05-21T16:55:01.612+0800","caller":"logger/logger.go:93","msg":"/api/v1/user/balance","status":500,"method":"GET","path":"/api/v1/user/balance","query":"","ip":"::1","user-agent":"PostmanRuntime/7.29.2","errors":"","cost":0.0050693}
{"level":"DEBUG","time":"2023-05-21T16:55:33.459+0800","caller":"ForumV1/main.go:28","msg":"logger init success。。。"}
{"level":"ERROR","time":"2023-05-21T16:55:35.488+0800","caller":"logger/logger.go:135","msg":"[Recovery from panic]","error":"runtime error: invalid memory address or nil pointer dereference","request":"GET /api/v1/user/balance HTTP/1.1\r\nHost: localhost:8080\r\nAccept: */*\r\nAccept-Encoding: gzip, deflate, br\r\nAuthorization: Bearer eyJhbGciOiJIUzI1NiIsInR5cCI6IkpXVCJ9.eyJ1c2VyLWlkIjo0MjM4NDEzMTA0NDU1NjgsInVzZXJuYW1lIjoibWh4NiIsImV4cCI6MTY4NDczNzMzMCwiaXNzIjoiYmx1ZWJlbGwifQ.DxZVBf-GpOhMIDFHEn6VLHhSVInpQ0W1yk-DDn7fi0c\r\nConnection: keep-alive\r\nPostman-Token: a4e1f765-180c-4f17-9ec2-d9733f2efe57\r\nUser-Agent: PostmanRuntime/7.29.2\r\n\r\n","stack":"goroutine 29 [running]:\nruntime/debug.Stack()\n\tD:/programs/go/src/runtime/debug/stack.go:24 +0x65\nForumv1/logger.GinRecovery.func1.1()\n\tD:/LearnForGo/TeamObject-ForForum/ForumV1/logger/logger.go:138 +0x2da\npanic({0x899a80, 0xcecbf0})\n\tD:/programs/go/src/runtime/panic.go:838 +0x207\nForumv1/controller.GetUserBalanceHandler(0xc000098300?)\n\tD:/LearnForGo/TeamObject-ForForum/ForumV1/controller/user.go:72 +0x6f\ngithub.com/gin-gonic/gin.(*Context).Next(...)\n\tD:/代码/goProjects/pkg/mod/github.com/gin-gonic/gin@v1.9.0/context.go:174\nForumv1/middleWares.JWTAuthMiddleware.func1(0xc000098300)\n\tD:/LearnForGo/TeamObject-ForForum/ForumV1/middleWares/auth.go:45 +0x158\ngithub.com/gin-gonic/gin.(*Context).Next(...)\n\tD:/代码/goProjects/pkg/mod/github.com/gin-gonic/gin@v1.9.0/context.go:174\nForumv1/logger.GinRecovery.func1(0xc000098300)\n\tD:/LearnForGo/TeamObject-ForForum/ForumV1/logger/logger.go:149 +0x76\ngithub.com/gin-gonic/gin.(*Context).Next(...)\n\tD:/代码/goProjects/pkg/mod/github.com/gin-gonic/gin@v1.9.0/context.go:174\nForumv1/logger.GinLogger.func1(0xc000098300)\n\tD:/LearnForGo/TeamObject-ForForum/ForumV1/logger/logger.go:90 +0xa2\ngithub.com/gin-gonic/gin.(*Context).Next(...)\n\tD:/代码/goProjects/pkg/mod/github.com/gin-gonic/gin@v1.9.0/context.go:174\ngithub.com/gin-gonic/gin.(*Engine).handleHTTPRequest(0xc000498b60, 0xc000098300)\n\tD:/代码/goProjects/pkg/mod/github.com/gin-gonic/gin@v1.9.0/gin.go:620 +0x671\ngithub.com/gin-gonic/gin.(*Engine).ServeHTTP(0xc000498b60, {0xa06910?, 0xc0003b61c0}, 0xc000098200)\n\tD:/代码/goProjects/pkg/mod/github.com/gin-gonic/gin@v1.9.0/gin.go:576 +0x1dd\nnet/http.serverHandler.ServeHTTP({0xc000089860?}, {0xa06910, 0xc0003b61c0}, 0xc000098200)\n\tD:/programs/go/src/net/http/server.go:2916 +0x43b\nnet/http.(*conn).serve(0xc00007c000, {0xa06f58, 0xc000089770})\n\tD:/programs/go/src/net/http/server.go:1966 +0x5d7\ncreated by net/http.(*Server).Serve\n\tD:/programs/go/src/net/http/server.go:3071 +0x4db\n"}
{"level":"INFO","time":"2023-05-21T16:55:35.491+0800","caller":"logger/logger.go:93","msg":"/api/v1/user/balance","status":500,"method":"GET","path":"/api/v1/user/balance","query":"","ip":"::1","user-agent":"PostmanRuntime/7.29.2","errors":"","cost":0.0078983}
{"level":"DEBUG","time":"2023-05-21T16:56:16.510+0800","caller":"ForumV1/main.go:28","msg":"logger init success。。。"}
{"level":"ERROR","time":"2023-05-21T16:56:17.506+0800","caller":"logger/logger.go:135","msg":"[Recovery from panic]","error":"runtime error: invalid memory address or nil pointer dereference","request":"GET /api/v1/user/balance HTTP/1.1\r\nHost: localhost:8080\r\nAccept: */*\r\nAccept-Encoding: gzip, deflate, br\r\nAuthorization: Bearer eyJhbGciOiJIUzI1NiIsInR5cCI6IkpXVCJ9.eyJ1c2VyLWlkIjo0MjM4NDEzMTA0NDU1NjgsInVzZXJuYW1lIjoibWh4NiIsImV4cCI6MTY4NDczNzMzMCwiaXNzIjoiYmx1ZWJlbGwifQ.DxZVBf-GpOhMIDFHEn6VLHhSVInpQ0W1yk-DDn7fi0c\r\nConnection: keep-alive\r\nPostman-Token: cf4255ab-7237-4232-9e09-9fceb23d90cc\r\nUser-Agent: PostmanRuntime/7.29.2\r\n\r\n","stack":"goroutine 66 [running]:\nruntime/debug.Stack()\n\tD:/programs/go/src/runtime/debug/stack.go:24 +0x65\nForumv1/logger.GinRecovery.func1.1()\n\tD:/LearnForGo/TeamObject-ForForum/ForumV1/logger/logger.go:138 +0x2da\npanic({0x9a9a80, 0xdfcbf0})\n\tD:/programs/go/src/runtime/panic.go:838 +0x207\nForumv1/controller.GetUserBalanceHandler(0xc0000b2000?)\n\tD:/LearnForGo/TeamObject-ForForum/ForumV1/controller/user.go:73 +0xaf\ngithub.com/gin-gonic/gin.(*Context).Next(...)\n\tD:/代码/goProjects/pkg/mod/github.com/gin-gonic/gin@v1.9.0/context.go:174\nForumv1/middleWares.JWTAuthMiddleware.func1(0xc0000b2000)\n\tD:/LearnForGo/TeamObject-ForForum/ForumV1/middleWares/auth.go:45 +0x158\ngithub.com/gin-gonic/gin.(*Context).Next(...)\n\tD:/代码/goProjects/pkg/mod/github.com/gin-gonic/gin@v1.9.0/context.go:174\nForumv1/logger.GinRecovery.func1(0xc0000b2000)\n\tD:/LearnForGo/TeamObject-ForForum/ForumV1/logger/logger.go:149 +0x76\ngithub.com/gin-gonic/gin.(*Context).Next(...)\n\tD:/代码/goProjects/pkg/mod/github.com/gin-gonic/gin@v1.9.0/context.go:174\nForumv1/logger.GinLogger.func1(0xc0000b2000)\n\tD:/LearnForGo/TeamObject-ForForum/ForumV1/logger/logger.go:90 +0xa2\ngithub.com/gin-gonic/gin.(*Context).Next(...)\n\tD:/代码/goProjects/pkg/mod/github.com/gin-gonic/gin@v1.9.0/context.go:174\ngithub.com/gin-gonic/gin.(*Engine).handleHTTPRequest(0xc000684680, 0xc0000b2000)\n\tD:/代码/goProjects/pkg/mod/github.com/gin-gonic/gin@v1.9.0/gin.go:620 +0x671\ngithub.com/gin-gonic/gin.(*Engine).ServeHTTP(0xc000684680, {0xb16950?, 0xc0003ba1c0}, 0xc0004ce200)\n\tD:/代码/goProjects/pkg/mod/github.com/gin-gonic/gin@v1.9.0/gin.go:576 +0x1dd\nnet/http.serverHandler.ServeHTTP({0xc00040c8a0?}, {0xb16950, 0xc0003ba1c0}, 0xc0004ce200)\n\tD:/programs/go/src/net/http/server.go:2916 +0x43b\nnet/http.(*conn).serve(0xc0001c60a0, {0xb16f98, 0xc0004812f0})\n\tD:/programs/go/src/net/http/server.go:1966 +0x5d7\ncreated by net/http.(*Server).Serve\n\tD:/programs/go/src/net/http/server.go:3071 +0x4db\n"}
{"level":"INFO","time":"2023-05-21T16:56:17.512+0800","caller":"logger/logger.go:93","msg":"/api/v1/user/balance","status":500,"method":"GET","path":"/api/v1/user/balance","query":"","ip":"::1","user-agent":"PostmanRuntime/7.29.2","errors":"","cost":0.0096059}
{"level":"DEBUG","time":"2023-05-21T16:56:44.593+0800","caller":"ForumV1/main.go:28","msg":"logger init success。。。"}
{"level":"ERROR","time":"2023-05-21T16:56:44.721+0800","caller":"logger/logger.go:135","msg":"[Recovery from panic]","error":"runtime error: invalid memory address or nil pointer dereference","request":"GET /api/v1/user/balance HTTP/1.1\r\nHost: localhost:8080\r\nAccept: */*\r\nAccept-Encoding: gzip, deflate, br\r\nAuthorization: Bearer eyJhbGciOiJIUzI1NiIsInR5cCI6IkpXVCJ9.eyJ1c2VyLWlkIjo0MjM4NDEzMTA0NDU1NjgsInVzZXJuYW1lIjoibWh4NiIsImV4cCI6MTY4NDczNzMzMCwiaXNzIjoiYmx1ZWJlbGwifQ.DxZVBf-GpOhMIDFHEn6VLHhSVInpQ0W1yk-DDn7fi0c\r\nConnection: keep-alive\r\nPostman-Token: 3253e871-42a3-4a0c-803e-b81f83734c53\r\nUser-Agent: PostmanRuntime/7.29.2\r\n\r\n","stack":"goroutine 21 [running]:\nruntime/debug.Stack()\n\tD:/programs/go/src/runtime/debug/stack.go:24 +0x65\nForumv1/logger.GinRecovery.func1.1()\n\tD:/LearnForGo/TeamObject-ForForum/ForumV1/logger/logger.go:138 +0x2da\npanic({0x5c9a80, 0xa1cbf0})\n\tD:/programs/go/src/runtime/panic.go:838 +0x207\nForumv1/controller.GetUserBalanceHandler(0xc000448000?)\n\tD:/LearnForGo/TeamObject-ForForum/ForumV1/controller/user.go:73 +0xc2\ngithub.com/gin-gonic/gin.(*Context).Next(...)\n\tD:/代码/goProjects/pkg/mod/github.com/gin-gonic/gin@v1.9.0/context.go:174\nForumv1/middleWares.JWTAuthMiddleware.func1(0xc000448000)\n\tD:/LearnForGo/TeamObject-ForForum/ForumV1/middleWares/auth.go:45 +0x158\ngithub.com/gin-gonic/gin.(*Context).Next(...)\n\tD:/代码/goProjects/pkg/mod/github.com/gin-gonic/gin@v1.9.0/context.go:174\nForumv1/logger.GinRecovery.func1(0xc000448000)\n\tD:/LearnForGo/TeamObject-ForForum/ForumV1/logger/logger.go:149 +0x76\ngithub.com/gin-gonic/gin.(*Context).Next(...)\n\tD:/代码/goProjects/pkg/mod/github.com/gin-gonic/gin@v1.9.0/context.go:174\nForumv1/logger.GinLogger.func1(0xc000448000)\n\tD:/LearnForGo/TeamObject-ForForum/ForumV1/logger/logger.go:90 +0xa2\ngithub.com/gin-gonic/gin.(*Context).Next(...)\n\tD:/代码/goProjects/pkg/mod/github.com/gin-gonic/gin@v1.9.0/context.go:174\ngithub.com/gin-gonic/gin.(*Engine).handleHTTPRequest(0xc000085040, 0xc000448000)\n\tD:/代码/goProjects/pkg/mod/github.com/gin-gonic/gin@v1.9.0/gin.go:620 +0x671\ngithub.com/gin-gonic/gin.(*Engine).ServeHTTP(0xc000085040, {0x736950?, 0xc0003dc1c0}, 0xc000494400)\n\tD:/代码/goProjects/pkg/mod/github.com/gin-gonic/gin@v1.9.0/gin.go:576 +0x1dd\nnet/http.serverHandler.ServeHTTP({0xc00040c120?}, {0x736950, 0xc0003dc1c0}, 0xc000494400)\n\tD:/programs/go/src/net/http/server.go:2916 +0x43b\nnet/http.(*conn).serve(0xc00007c000, {0x736f98, 0xc000481a10})\n\tD:/programs/go/src/net/http/server.go:1966 +0x5d7\ncreated by net/http.(*Server).Serve\n\tD:/programs/go/src/net/http/server.go:3071 +0x4db\n"}
{"level":"INFO","time":"2023-05-21T16:56:44.724+0800","caller":"logger/logger.go:93","msg":"/api/v1/user/balance","status":500,"method":"GET","path":"/api/v1/user/balance","query":"","ip":"::1","user-agent":"PostmanRuntime/7.29.2","errors":"","cost":0.0062721}
{"level":"DEBUG","time":"2023-05-21T16:58:59.243+0800","caller":"ForumV1/main.go:28","msg":"logger init success。。。"}
{"level":"ERROR","time":"2023-05-21T16:59:00.178+0800","caller":"logger/logger.go:135","msg":"[Recovery from panic]","error":"runtime error: invalid memory address or nil pointer dereference","request":"GET /api/v1/user/balance HTTP/1.1\r\nHost: localhost:8080\r\nAccept: */*\r\nAccept-Encoding: gzip, deflate, br\r\nAuthorization: Bearer eyJhbGciOiJIUzI1NiIsInR5cCI6IkpXVCJ9.eyJ1c2VyLWlkIjo0MjM4NDEzMTA0NDU1NjgsInVzZXJuYW1lIjoibWh4NiIsImV4cCI6MTY4NDczNzMzMCwiaXNzIjoiYmx1ZWJlbGwifQ.DxZVBf-GpOhMIDFHEn6VLHhSVInpQ0W1yk-DDn7fi0c\r\nConnection: keep-alive\r\nPostman-Token: 16eabec1-2aa1-4aa3-b23a-60fbb5616fd9\r\nUser-Agent: PostmanRuntime/7.29.2\r\n\r\n","stack":"goroutine 27 [running]:\nruntime/debug.Stack()\n\tD:/programs/go/src/runtime/debug/stack.go:24 +0x65\nForumv1/logger.GinRecovery.func1.1()\n\tD:/LearnForGo/TeamObject-ForForum/ForumV1/logger/logger.go:138 +0x2da\npanic({0x929a80, 0xd7cbf0})\n\tD:/programs/go/src/runtime/panic.go:838 +0x207\nForumv1/controller.GetUserBalanceHandler(0xc000506000?)\n\tD:/LearnForGo/TeamObject-ForForum/ForumV1/controller/user.go:73 +0x6f\ngithub.com/gin-gonic/gin.(*Context).Next(...)\n\tD:/代码/goProjects/pkg/mod/github.com/gin-gonic/gin@v1.9.0/context.go:174\nForumv1/middleWares.JWTAuthMiddleware.func1(0xc000506000)\n\tD:/LearnForGo/TeamObject-ForForum/ForumV1/middleWares/auth.go:45 +0x158\ngithub.com/gin-gonic/gin.(*Context).Next(...)\n\tD:/代码/goProjects/pkg/mod/github.com/gin-gonic/gin@v1.9.0/context.go:174\nForumv1/logger.GinRecovery.func1(0xc000506000)\n\tD:/LearnForGo/TeamObject-ForForum/ForumV1/logger/logger.go:149 +0x76\ngithub.com/gin-gonic/gin.(*Context).Next(...)\n\tD:/代码/goProjects/pkg/mod/github.com/gin-gonic/gin@v1.9.0/context.go:174\nForumv1/logger.GinLogger.func1(0xc000506000)\n\tD:/LearnForGo/TeamObject-ForForum/ForumV1/logger/logger.go:90 +0xa2\ngithub.com/gin-gonic/gin.(*Context).Next(...)\n\tD:/代码/goProjects/pkg/mod/github.com/gin-gonic/gin@v1.9.0/context.go:174\ngithub.com/gin-gonic/gin.(*Engine).handleHTTPRequest(0xc00049c1a0, 0xc000506000)\n\tD:/代码/goProjects/pkg/mod/github.com/gin-gonic/gin@v1.9.0/gin.go:620 +0x671\ngithub.com/gin-gonic/gin.(*Engine).ServeHTTP(0xc00049c1a0, {0xa96930?, 0xc00038e1c0}, 0xc000414100)\n\tD:/代码/goProjects/pkg/mod/github.com/gin-gonic/gin@v1.9.0/gin.go:576 +0x1dd\nnet/http.serverHandler.ServeHTTP({0xc00002a330?}, {0xa96930, 0xc00038e1c0}, 0xc000414100)\n\tD:/programs/go/src/net/http/server.go:2916 +0x43b\nnet/http.(*conn).serve(0xc0000a2000, {0xa96f78, 0xc0004a1bf0})\n\tD:/programs/go/src/net/http/server.go:1966 +0x5d7\ncreated by net/http.(*Server).Serve\n\tD:/programs/go/src/net/http/server.go:3071 +0x4db\n"}
{"level":"INFO","time":"2023-05-21T16:59:00.181+0800","caller":"logger/logger.go:93","msg":"/api/v1/user/balance","status":500,"method":"GET","path":"/api/v1/user/balance","query":"","ip":"::1","user-agent":"PostmanRuntime/7.29.2","errors":"","cost":0.0062233}
{"level":"INFO","time":"2023-05-21T16:59:40.486+0800","caller":"logger/logger.go:93","msg":"/api/v1/login","status":200,"method":"POST","path":"/api/v1/login","query":"","ip":"::1","user-agent":"PostmanRuntime/7.29.2","errors":"","cost":0.0171514}
{"level":"INFO","time":"2023-05-21T17:00:29.880+0800","caller":"logger/logger.go:93","msg":"/api/v1/user/balance","status":200,"method":"GET","path":"/api/v1/user/balance","query":"","ip":"::1","user-agent":"PostmanRuntime/7.29.2","errors":"","cost":0.0019873}
