2023/04/09 16:22:35 {"callers":["D:/LearnForGo/go-programming-tour-book/blog-service/main.go: 23 main.init.0"],"level":"info","message":"eddycjy: go-programming-tour-book/blog-service","time":1681028555090713500}
2023/04/10 16:45:19 {"callers":["D:/LearnForGo/go-programming-tour-book/blog-service/main.go: 23 main.init.0"],"level":"error","message":"app.BindAndValid errs:State必须是[0 1]中的一个","time":1681116319102275600}
2023/04/10 16:46:15 {"callers":["D:/LearnForGo/go-programming-tour-book/blog-service/main.go: 23 main.init.0"],"level":"error","message":"app.BindAndValid errs:State必须是[0 1]中的一个","time":1681116375819278400}
2023/04/11 14:58:24 {"callers":["D:/LearnForGo/go-programming-tour-book/blog-service/main.go: 23 main.init.0"],"level":"error","message":"app.BindAndValid errs : Name为必填字段","time":1681196304163955000}
2023/04/11 14:59:10 {"callers":["D:/LearnForGo/go-programming-tour-book/blog-service/main.go: 23 main.init.0"],"level":"error","message":"app.BindAndValid errs : Name为必填字段","time":1681196350904829100}
2023/04/11 15:00:18 {"callers":["D:/LearnForGo/go-programming-tour-book/blog-service/main.go: 23 main.init.0"],"level":"error","message":"app.BindAndValid errs : Name为必填字段","time":1681196418699059800}
2023/04/11 15:05:15 {"callers":["D:/LearnForGo/go-programming-tour-book/blog-service/main.go: 23 main.init.0"],"level":"error","message":"app.BindAndValid errs : Name长度必须至少为3个字符","time":1681196715642595900}
2023/04/11 15:10:34 {"callers":["D:/LearnForGo/go-programming-tour-book/blog-service/main.go: 23 main.init.0"],"level":"error","message":"app.BindAndValid errs : Name长度必须至少为3个字符,State为必填字段,ModifiedBy为必填字段","time":1681197034014605200}
2023/04/11 15:11:55 {"callers":["D:/LearnForGo/go-programming-tour-book/blog-service/main.go: 23 main.init.0"],"level":"error","message":"app.BindAndValid errs : Name长度必须至少为3个字符,State为必填字段","time":1681197115267341700}
2023/04/11 15:15:55 {"callers":["D:/LearnForGo/go-programming-tour-book/blog-service/main.go: 23 main.init.0"],"level":"error","message":"app.BindAndValid errs : ID为必填字段,Name长度必须至少为3个字符,State为必填字段","time":1681197355799913100}
2023/04/11 15:16:08 {"callers":["D:/LearnForGo/go-programming-tour-book/blog-service/main.go: 23 main.init.0"],"level":"error","message":"app.BindAndValid errs : Name长度必须至少为3个字符,State为必填字段","time":1681197368782243500}
2023/04/11 15:16:23 {"callers":["D:/LearnForGo/go-programming-tour-book/blog-service/main.go: 23 main.init.0"],"level":"error","message":"app.BindAndValid errs : Name长度必须至少为3个字符,State为必填字段","time":1681197383873479100}
2023/04/11 15:17:51 {"callers":["D:/LearnForGo/go-programming-tour-book/blog-service/main.go: 23 main.init.0"],"level":"error","message":"app.BindAndValid errs : State为必填字段","time":1681197471900230600}
2023/04/11 15:20:30 {"callers":["D:/LearnForGo/go-programming-tour-book/blog-service/main.go: 23 main.init.0"],"level":"error","message":"app.BindAndValid errs : State为必填字段","time":1681197630003763400}
2023/04/11 15:28:01 {"callers":["D:/LearnForGo/go-programming-tour-book/blog-service/main.go: 23 main.init.0"],"level":"error","message":"app.BindAndValid errs : State为必填字段","time":1681198081243995900}
2023/04/11 15:36:49 {"callers":["D:/LearnForGo/go-programming-tour-book/blog-service/main.go: 23 main.init.0"],"level":"error","message":"app.BindAndValid errs : State为必填字段","time":1681198609021142600}
2023/04/11 15:45:09 {"callers":["D:/LearnForGo/go-programming-tour-book/blog-service/main.go: 23 main.init.0"],"level":"error","message":"app.BindAndValid errs : State为必填字段","time":1681199109990907500}
2023/04/12 17:09:22 {"callers":["D:/LearnForGo/go-programming-tour-book/blog-service/main.go: 23 main.init.0"],"level":"error","message":"app.BindAndValid errs: AppKey为必填字段,AppSecret为必填字段","time":1681290562246526000}
2023/04/12 17:10:43 {"callers":["D:/LearnForGo/go-programming-tour-book/blog-service/main.go: 23 main.init.0"],"level":"error","message":"svc.CheckAuth err : sql: expected 3 arguments, got 2","time":1681290643951502900}
2023/04/12 17:10:43 {"callers":["D:/LearnForGo/go-programming-tour-book/blog-service/main.go: 23 main.init.0"],"level":"error","message":"app.GenerateToken err: key is of invalid type","time":1681290643952573600}
2023/04/12 18:30:18 {"callers":["D:/LearnForGo/go-programming-tour-book/blog-service/main.go: 23 main.init.0"],"level":"error","message":"svc.CheckAuth err : sql: expected 3 arguments, got 2","time":1681295418284846700}
2023/04/12 18:30:18 {"callers":["D:/LearnForGo/go-programming-tour-book/blog-service/main.go: 23 main.init.0"],"level":"error","message":"app.GenerateToken err: key is of invalid type","time":1681295418285366400}
2023/04/12 18:32:52 {"callers":["D:/LearnForGo/go-programming-tour-book/blog-service/main.go: 23 main.init.0"],"level":"error","message":"svc.CheckAuth err : sql: expected 3 arguments, got 2","time":1681295572627298700}
2023/04/12 18:32:52 {"callers":["D:/LearnForGo/go-programming-tour-book/blog-service/main.go: 23 main.init.0"],"level":"error","message":"app.GenerateToken err: key is of invalid type","time":1681295572628350300}
2023/04/12 18:35:44 {"callers":["D:/LearnForGo/go-programming-tour-book/blog-service/main.go: 23 main.init.0"],"level":"error","message":"svc.CheckAuth err : sql: expected 3 arguments, got 2","time":1681295744806720500}
2023/04/12 18:35:44 {"callers":["D:/LearnForGo/go-programming-tour-book/blog-service/main.go: 23 main.init.0"],"level":"error","message":"app.GenerateToken err: key is of invalid type","time":1681295744807829000}
2023/04/12 18:37:13 {"callers":["D:/LearnForGo/go-programming-tour-book/blog-service/main.go: 23 main.init.0"],"level":"error","message":"svc.CheckAuth err : sql: expected 3 arguments, got 2","time":1681295833467084000}
2023/04/12 18:37:13 {"callers":["D:/LearnForGo/go-programming-tour-book/blog-service/main.go: 23 main.init.0"],"level":"error","message":"app.GenerateToken err: key is of invalid type","time":1681295833468128000}
2023/04/12 18:42:35 {"callers":["D:/LearnForGo/go-programming-tour-book/blog-service/main.go: 23 main.init.0"],"level":"error","message":"app.GenerateToken err: key is of invalid type","time":1681296155258076100}
2023/04/12 18:49:04 {"callers":["D:/LearnForGo/go-programming-tour-book/blog-service/main.go: 23 main.init.0"],"level":"error","message":"app.GenerateToken err:!! key is of invalid type","time":1681296544604325800}
2023/04/12 18:55:26 {"callers":["D:/LearnForGo/go-programming-tour-book/blog-service/main.go: 23 main.init.0"],"level":"error","message":"app.GenerateToken err:!! key is of invalid type","time":1681296926315813600}
2023/04/12 18:56:56 {"callers":["D:/LearnForGo/go-programming-tour-book/blog-service/main.go: 23 main.init.0"],"level":"error","message":"app.GenerateToken err:!! key is of invalid type","time":1681297016843125200}
2023/04/12 19:01:43 {"callers":["D:/LearnForGo/go-programming-tour-book/blog-service/main.go: 23 main.init.0"],"level":"error","message":"app.GenerateToken err:!! key is of invalid type","time":1681297303673748800}
2023/04/12 19:02:14 {"callers":["D:/LearnForGo/go-programming-tour-book/blog-service/main.go: 23 main.init.0"],"level":"error","message":"app.GenerateToken err:!! key is of invalid type","time":1681297334449801800}
2023/04/12 19:16:00 {"callers":["D:/LearnForGo/go-programming-tour-book/blog-service/main.go: 23 main.init.0"],"level":"error","message":"app.GenerateToken err:!! key is of invalid type","time":1681298160942145800}
